[2021-07-27 02:44:18.619] [sharedprocess] [info] [logs cleanup]: Starting to clean up old logs.
[2021-07-27 02:44:26.780] [sharedprocess] [info] Installing extension: vscode-icons-team.vscode-icons
[2021-07-27 02:44:27.290] [sharedprocess] [info] Downloaded extension: vscode-icons-team.vscode-icons /home/quasigod/.config/VSCodium/CachedExtensionVSIXs/vscode-icons-team.vscode-icons-11.5.0
[2021-07-27 02:44:27.867] [sharedprocess] [info] Extracted extension to /home/quasigod/.vscode-oss/extensions/.f7ebcbad-77fd-4d38-b601-53eabcf3c3cc: vscode-icons-team.vscode-icons
[2021-07-27 02:44:27.870] [sharedprocess] [info] Renamed to /home/quasigod/.vscode-oss/extensions/vscode-icons-team.vscode-icons-11.5.0
[2021-07-27 02:44:27.871] [sharedprocess] [info] Installation completed. vscode-icons-team.vscode-icons
[2021-07-27 02:44:27.873] [sharedprocess] [info] Extensions installed successfully: vscode-icons-team.vscode-icons
[2021-07-27 02:44:38.617] [sharedprocess] [info] [code cache cleanup]: Starting to clean up old code cache folders.
[2021-07-27 02:44:38.617] [sharedprocess] [info] [storage cleanup]: Starting to clean up storage folders.
[2021-07-27 02:44:38.623] [sharedprocess] [info] [storage cleanup]: Deleting storage folder 1627371800860.
[2021-07-27 02:44:48.617] [sharedprocess] [info] [language pack cache cleanup]: Starting to clean up unused language packs.
[2021-07-27 02:44:51.092] [sharedprocess] [info] Installing extension: zhuangtongfa.material-theme
[2021-07-27 02:44:51.569] [sharedprocess] [info] Downloaded extension: zhuangtongfa.material-theme /home/quasigod/.config/VSCodium/CachedExtensionVSIXs/zhuangtongfa.material-theme-3.11.1
[2021-07-27 02:44:51.601] [sharedprocess] [info] Extracted extension to /home/quasigod/.vscode-oss/extensions/.3606bcec-c08a-4da0-a903-108884028c75: zhuangtongfa.material-theme
[2021-07-27 02:44:51.603] [sharedprocess] [info] Renamed to /home/quasigod/.vscode-oss/extensions/zhuangtongfa.material-theme-3.11.1
[2021-07-27 02:44:51.604] [sharedprocess] [info] Installation completed. zhuangtongfa.material-theme
[2021-07-27 02:44:51.605] [sharedprocess] [info] Extensions installed successfully: zhuangtongfa.material-theme
[2021-07-27 02:46:04.115] [sharedprocess] [info] Uninstalling extension: zhuangtongfa.material-theme
[2021-07-27 02:46:04.119] [sharedprocess] [info] Successfully uninstalled extension: zhuangtongfa.material-theme
[2021-07-27 02:46:05.186] [sharedprocess] [info] Installing extension: zhuangtongfa.material-theme
[2021-07-27 02:46:05.277] [sharedprocess] [info] Downloaded extension: zhuangtongfa.material-theme /home/quasigod/.config/VSCodium/CachedExtensionVSIXs/zhuangtongfa.material-theme-3.11.1
[2021-07-27 02:46:05.282] [sharedprocess] [info] Removed the extension from uninstalled list: zhuangtongfa.material-theme
[2021-07-27 02:46:05.284] [sharedprocess] [info] Extensions installed successfully: zhuangtongfa.material-theme
[2021-07-27 02:46:38.898] [sharedprocess] [info] Installing extension: ms-vscode.cpptools-themes
[2021-07-27 02:46:39.420] [sharedprocess] [info] Downloaded extension: ms-vscode.cpptools-themes /home/quasigod/.config/VSCodium/CachedExtensionVSIXs/ms-vscode.cpptools-themes-1.0.0
[2021-07-27 02:46:39.426] [sharedprocess] [info] Extracted extension to /home/quasigod/.vscode-oss/extensions/.25be928f-720b-4e91-a8d9-e2aacc65999a: ms-vscode.cpptools-themes
[2021-07-27 02:46:39.428] [sharedprocess] [info] Renamed to /home/quasigod/.vscode-oss/extensions/ms-vscode.cpptools-themes-1.0.0
[2021-07-27 02:46:39.428] [sharedprocess] [info] Installation completed. ms-vscode.cpptools-themes
[2021-07-27 02:46:39.430] [sharedprocess] [info] Extensions installed successfully: ms-vscode.cpptools-themes
[2021-07-27 02:46:58.700] [sharedprocess] [info] Installing extension: ms-vscode.cpptools
[2021-07-27 02:46:59.158] [sharedprocess] [info] Downloaded extension: ms-vscode.cpptools /home/quasigod/.config/VSCodium/CachedExtensionVSIXs/ms-vscode.cpptools-1.5.1
[2021-07-27 02:46:59.306] [sharedprocess] [info] Extracted extension to /home/quasigod/.vscode-oss/extensions/.179e246b-f8db-44c2-86a2-6147a798d2cc: ms-vscode.cpptools
[2021-07-27 02:46:59.311] [sharedprocess] [info] Renamed to /home/quasigod/.vscode-oss/extensions/ms-vscode.cpptools-1.5.1
[2021-07-27 02:46:59.313] [sharedprocess] [info] Installation completed. ms-vscode.cpptools
[2021-07-27 02:46:59.316] [sharedprocess] [info] Extensions installed successfully: ms-vscode.cpptools
[2021-07-27 02:46:59.899] [sharedprocess] [info] Installing extension: ms-python.python
[2021-07-27 02:47:00.485] [sharedprocess] [info] Installing extension: ms-toolsai.jupyter
[2021-07-27 02:47:00.485] [sharedprocess] [info] Installing extension: ms-python.vscode-pylance
[2021-07-27 02:47:01.141] [sharedprocess] [info] Downloaded extension: ms-python.python /home/quasigod/.config/VSCodium/CachedExtensionVSIXs/ms-python.python-2021.7.1060902895
[2021-07-27 02:47:01.384] [sharedprocess] [info] Downloaded extension: ms-toolsai.jupyter /home/quasigod/.config/VSCodium/CachedExtensionVSIXs/ms-toolsai.jupyter-2021.8.1054968649
[2021-07-27 02:47:02.210] [sharedprocess] [info] Extracted extension to /home/quasigod/.vscode-oss/extensions/.d7e152d4-9269-4a19-a634-f1f3d22612c3: ms-toolsai.jupyter
[2021-07-27 02:47:02.223] [sharedprocess] [info] Renamed to /home/quasigod/.vscode-oss/extensions/ms-toolsai.jupyter-2021.8.1054968649
[2021-07-27 02:47:02.226] [sharedprocess] [info] Installation completed. ms-toolsai.jupyter
[2021-07-27 02:47:02.229] [sharedprocess] [info] Extensions installed successfully: ms-toolsai.jupyter
[2021-07-27 02:47:02.364] [sharedprocess] [info] Installing extension: ms-dotnettools.csharp
[2021-07-27 02:47:02.800] [sharedprocess] [info] Downloaded extension: ms-dotnettools.csharp /home/quasigod/.config/VSCodium/CachedExtensionVSIXs/ms-dotnettools.csharp-1.23.13
[2021-07-27 02:47:02.824] [sharedprocess] [info] Extracted extension to /home/quasigod/.vscode-oss/extensions/.fd0b846b-20fa-4cfc-b833-f4b0f24cf491: ms-dotnettools.csharp
[2021-07-27 02:47:02.830] [sharedprocess] [info] Renamed to /home/quasigod/.vscode-oss/extensions/ms-dotnettools.csharp-1.23.13
[2021-07-27 02:47:02.832] [sharedprocess] [info] Installation completed. ms-dotnettools.csharp
[2021-07-27 02:47:02.836] [sharedprocess] [info] Extensions installed successfully: ms-dotnettools.csharp
[2021-07-27 02:47:03.172] [sharedprocess] [info] Extracted extension to /home/quasigod/.vscode-oss/extensions/.de4f363d-102d-4e9b-8876-168afe861c9a: ms-python.python
[2021-07-27 02:47:03.177] [sharedprocess] [info] Renamed to /home/quasigod/.vscode-oss/extensions/ms-python.python-2021.7.1060902895
[2021-07-27 02:47:03.179] [sharedprocess] [info] Installation completed. ms-python.python
[2021-07-27 02:47:03.182] [sharedprocess] [info] Extensions installed successfully: ms-python.python
[2021-07-27 02:47:03.728] [sharedprocess] [info] Downloaded extension: ms-python.vscode-pylance /home/quasigod/.config/VSCodium/CachedExtensionVSIXs/ms-python.vscode-pylance-2021.7.5
[2021-07-27 02:47:05.004] [sharedprocess] [info] Extracted extension to /home/quasigod/.vscode-oss/extensions/.71c3b289-f52c-4e49-8259-d34d1c8cb3a2: ms-python.vscode-pylance
[2021-07-27 02:47:05.009] [sharedprocess] [info] Renamed to /home/quasigod/.vscode-oss/extensions/ms-python.vscode-pylance-2021.7.5
[2021-07-27 02:47:05.010] [sharedprocess] [info] Installation completed. ms-python.vscode-pylance
[2021-07-27 02:47:05.011] [sharedprocess] [info] Extensions installed successfully: ms-python.vscode-pylance
[2021-07-27 02:47:46.482] [sharedprocess] [info] Installing extension: sumneko.lua
[2021-07-27 02:47:46.981] [sharedprocess] [info] Downloaded extension: sumneko.lua /home/quasigod/.config/VSCodium/CachedExtensionVSIXs/sumneko.lua-2.3.2
[2021-07-27 02:47:47.414] [sharedprocess] [info] Extracted extension to /home/quasigod/.vscode-oss/extensions/.88b5544f-8e88-4587-a65d-ca3e19ac6257: sumneko.lua
[2021-07-27 02:47:47.418] [sharedprocess] [info] Renamed to /home/quasigod/.vscode-oss/extensions/sumneko.lua-2.3.2
[2021-07-27 02:47:47.419] [sharedprocess] [info] Installation completed. sumneko.lua
[2021-07-27 02:47:47.422] [sharedprocess] [info] Extensions installed successfully: sumneko.lua
