Looking for git in: git
Using git 2.32.0 from git
Opening repository for path='/home/quasigod/.local/share/Steam/steamapps/common/Valheim' failed; ex=Failed to execute git {
  "exitCode": 128,
  "gitErrorCode": "NotAGitRepository",
  "gitCommand": "rev-parse",
  "stdout": "",
  "stderr": "fatal: not a git repository (or any of the parent directories): .git\n"
}
Opening repository for path='/home/quasigod/.local/share/Steam/steamapps/common/Valheim/LinuxPlayer_s.debug' failed; ex=Error: spawn ENOTDIR
Opening repository for path='/home/quasigod/.local/share/Steam/steamapps/common/Valheim/UnityPlayer.so' failed; ex=Error: spawn ENOTDIR
Opening repository for path='/home/quasigod/.local/share/Steam/steamapps/common/Valheim/UnityPlayer_s.debug' failed; ex=Error: spawn ENOTDIR
Opening repository for path='/home/quasigod/.local/share/Steam/steamapps/common/Valheim/steam_appid.txt' failed; ex=Error: spawn ENOTDIR
Opening repository for path='/home/quasigod/.local/share/Steam/steamapps/common/Valheim/valheim.x86_64' failed; ex=Error: spawn ENOTDIR
Opening repository for path='/home/quasigod/.local/share/Steam/steamapps/common/Valheim/valheim_Data' failed; ex=Failed to execute git {
  "exitCode": 128,
  "gitErrorCode": "NotAGitRepository",
  "gitCommand": "rev-parse",
  "stdout": "",
  "stderr": "fatal: not a git repository (or any of the parent directories): .git\n"
}
Opening repository for path='/home/quasigod/.local/share/Steam/steamapps/common/Valheim' failed; ex=Failed to execute git {
  "exitCode": 128,
  "gitErrorCode": "NotAGitRepository",
  "gitCommand": "rev-parse",
  "stdout": "",
  "stderr": "fatal: not a git repository (or any of the parent directories): .git\n"
}
Opening repository for path='/home/quasigod/.local/share/Steam/steamapps/common/Valheim' failed; ex=Failed to execute git {
  "exitCode": 128,
  "gitErrorCode": "NotAGitRepository",
  "gitCommand": "rev-parse",
  "stdout": "",
  "stderr": "fatal: not a git repository (or any of the parent directories): .git\n"
}
