[2021-07-31 23:51:27.052] [exthost] [info] extension host started
[2021-07-31 23:51:27.052] [exthost] [info] Skipping acquiring lock for /home/quasigod/.config/VSCodium/User/workspaceStorage/e31a253675445d019b7d945390208158.
[2021-07-31 23:51:27.078] [exthost] [info] ExtensionService#_doActivateExtension vscode.debug-auto-launch {"startup":true,"extensionId":{"value":"vscode.debug-auto-launch","_lower":"vscode.debug-auto-launch"},"activationEvent":"*"}
[2021-07-31 23:51:27.078] [exthost] [info] ExtensionService#loadCommonJSModule file:///usr/share/vscodium-bin/resources/app/extensions/debug-auto-launch/dist/extension
[2021-07-31 23:51:27.080] [exthost] [info] ExtensionService#_doActivateExtension vscode.git {"startup":true,"extensionId":{"value":"vscode.github","_lower":"vscode.github"},"activationEvent":"*"}
[2021-07-31 23:51:27.080] [exthost] [info] ExtensionService#loadCommonJSModule file:///usr/share/vscodium-bin/resources/app/extensions/git/dist/main
[2021-07-31 23:51:27.095] [exthost] [info] ExtensionService#_doActivateExtension vscode-icons-team.vscode-icons {"startup":true,"extensionId":{"value":"vscode-icons-team.vscode-icons","_lower":"vscode-icons-team.vscode-icons"},"activationEvent":"*"}
[2021-07-31 23:51:27.095] [exthost] [info] ExtensionService#loadCommonJSModule file:///home/quasigod/.vscode-oss/extensions/vscode-icons-team.vscode-icons-11.5.0/dist/src/vscode-icons.bundle.js
[2021-07-31 23:51:27.114] [exthost] [info] ExtensionService#_doActivateExtension zhuangtongfa.material-theme {"startup":true,"extensionId":{"value":"zhuangtongfa.material-theme","_lower":"zhuangtongfa.material-theme"},"activationEvent":"*"}
[2021-07-31 23:51:27.114] [exthost] [info] ExtensionService#loadCommonJSModule file:///home/quasigod/.vscode-oss/extensions/zhuangtongfa.material-theme-3.11.2/out/extension.js
[2021-07-31 23:51:27.380] [exthost] [info] ExtensionService#_doActivateExtension ms-vscode.js-debug {"startup":false,"extensionId":{"value":"ms-vscode.js-debug","_lower":"ms-vscode.js-debug"},"activationEvent":"onCommand:extension.js-debug.clearAutoAttachVariables"}
[2021-07-31 23:51:27.380] [exthost] [info] ExtensionService#loadCommonJSModule file:///usr/share/vscodium-bin/resources/app/extensions/ms-vscode.js-debug/src/extension.js
[2021-07-31 23:51:27.445] [exthost] [info] ExtensionService#_doActivateExtension vscode.github {"startup":false,"extensionId":{"value":"vscode.github","_lower":"vscode.github"},"activationEvent":"*"}
[2021-07-31 23:51:27.446] [exthost] [info] ExtensionService#loadCommonJSModule file:///usr/share/vscodium-bin/resources/app/extensions/github/dist/extension.js
[2021-07-31 23:51:27.543] [exthost] [info] extension host terminating: renderer closed the socket
[2021-07-31 23:51:27.775] [exthost] [info] eager extensions activated
[2021-07-31 23:51:27.776] [exthost] [error] Activating extension vscode.emmet failed due to an error:
[2021-07-31 23:51:27.776] [exthost] [error] Canceled: Canceled
	at Object.n [as canceled] (/usr/share/vscodium-bin/resources/app/out/vs/workbench/services/extensions/node/extensionHostProcess.js:5:1157)
	at l._remoteCall (/usr/share/vscodium-bin/resources/app/out/vs/workbench/services/extensions/node/extensionHostProcess.js:88:12818)
	at Proxy._.<computed>.k.charCodeAt._.<computed> (/usr/share/vscodium-bin/resources/app/out/vs/workbench/services/extensions/node/extensionHostProcess.js:88:9350)
	at u._activateExtension (/usr/share/vscodium-bin/resources/app/out/vs/workbench/services/extensions/node/extensionHostProcess.js:89:11613)
	at Object.actualActivateExtension (/usr/share/vscodium-bin/resources/app/out/vs/workbench/services/extensions/node/extensionHostProcess.js:89:9202)
	at d._activateExtension (/usr/share/vscodium-bin/resources/app/out/vs/workbench/services/extensions/node/extensionHostProcess.js:84:97724)
	at /usr/share/vscodium-bin/resources/app/out/vs/workbench/services/extensions/node/extensionHostProcess.js:84:97406
	at Array.map (<anonymous>)
	at d._activateExtensions (/usr/share/vscodium-bin/resources/app/out/vs/workbench/services/extensions/node/extensionHostProcess.js:84:97394)
	at d.activateById (/usr/share/vscodium-bin/resources/app/out/vs/workbench/services/extensions/node/extensionHostProcess.js:84:95024)
	at u._activateById (/usr/share/vscodium-bin/resources/app/out/vs/workbench/services/extensions/node/extensionHostProcess.js:89:10204)
	at u._activateOneStartupFinished (/usr/share/vscodium-bin/resources/app/out/vs/workbench/services/extensions/node/extensionHostProcess.js:89:15096)
	at u._activateAllStartupFinished (/usr/share/vscodium-bin/resources/app/out/vs/workbench/services/extensions/node/extensionHostProcess.js:89:15467)
	at /usr/share/vscodium-bin/resources/app/out/vs/workbench/services/extensions/node/extensionHostProcess.js:89:15956
[2021-07-31 23:51:27.776] [exthost] [error] Activating extension vscode.merge-conflict failed due to an error:
[2021-07-31 23:51:27.776] [exthost] [error] Canceled: Canceled
	at Object.n [as canceled] (/usr/share/vscodium-bin/resources/app/out/vs/workbench/services/extensions/node/extensionHostProcess.js:5:1157)
	at l._remoteCall (/usr/share/vscodium-bin/resources/app/out/vs/workbench/services/extensions/node/extensionHostProcess.js:88:12818)
	at Proxy._.<computed>.k.charCodeAt._.<computed> (/usr/share/vscodium-bin/resources/app/out/vs/workbench/services/extensions/node/extensionHostProcess.js:88:9350)
	at u._activateExtension (/usr/share/vscodium-bin/resources/app/out/vs/workbench/services/extensions/node/extensionHostProcess.js:89:11613)
	at Object.actualActivateExtension (/usr/share/vscodium-bin/resources/app/out/vs/workbench/services/extensions/node/extensionHostProcess.js:89:9202)
	at d._activateExtension (/usr/share/vscodium-bin/resources/app/out/vs/workbench/services/extensions/node/extensionHostProcess.js:84:97724)
	at /usr/share/vscodium-bin/resources/app/out/vs/workbench/services/extensions/node/extensionHostProcess.js:84:97406
	at Array.map (<anonymous>)
	at d._activateExtensions (/usr/share/vscodium-bin/resources/app/out/vs/workbench/services/extensions/node/extensionHostProcess.js:84:97394)
	at d.activateById (/usr/share/vscodium-bin/resources/app/out/vs/workbench/services/extensions/node/extensionHostProcess.js:84:95024)
	at u._activateById (/usr/share/vscodium-bin/resources/app/out/vs/workbench/services/extensions/node/extensionHostProcess.js:89:10204)
	at u._activateOneStartupFinished (/usr/share/vscodium-bin/resources/app/out/vs/workbench/services/extensions/node/extensionHostProcess.js:89:15096)
	at u._activateAllStartupFinished (/usr/share/vscodium-bin/resources/app/out/vs/workbench/services/extensions/node/extensionHostProcess.js:89:15467)
	at /usr/share/vscodium-bin/resources/app/out/vs/workbench/services/extensions/node/extensionHostProcess.js:89:15956
[2021-07-31 23:51:27.776] [exthost] [error] Activating extension vscode.testing-editor-contributions failed due to an error:
[2021-07-31 23:51:27.776] [exthost] [error] Canceled: Canceled
	at Object.n [as canceled] (/usr/share/vscodium-bin/resources/app/out/vs/workbench/services/extensions/node/extensionHostProcess.js:5:1157)
	at l._remoteCall (/usr/share/vscodium-bin/resources/app/out/vs/workbench/services/extensions/node/extensionHostProcess.js:88:12818)
	at Proxy._.<computed>.k.charCodeAt._.<computed> (/usr/share/vscodium-bin/resources/app/out/vs/workbench/services/extensions/node/extensionHostProcess.js:88:9350)
	at u._activateExtension (/usr/share/vscodium-bin/resources/app/out/vs/workbench/services/extensions/node/extensionHostProcess.js:89:11613)
	at Object.actualActivateExtension (/usr/share/vscodium-bin/resources/app/out/vs/workbench/services/extensions/node/extensionHostProcess.js:89:9202)
	at d._activateExtension (/usr/share/vscodium-bin/resources/app/out/vs/workbench/services/extensions/node/extensionHostProcess.js:84:97724)
	at /usr/share/vscodium-bin/resources/app/out/vs/workbench/services/extensions/node/extensionHostProcess.js:84:97406
	at Array.map (<anonymous>)
	at d._activateExtensions (/usr/share/vscodium-bin/resources/app/out/vs/workbench/services/extensions/node/extensionHostProcess.js:84:97394)
	at d.activateById (/usr/share/vscodium-bin/resources/app/out/vs/workbench/services/extensions/node/extensionHostProcess.js:84:95024)
	at u._activateById (/usr/share/vscodium-bin/resources/app/out/vs/workbench/services/extensions/node/extensionHostProcess.js:89:10204)
	at u._activateOneStartupFinished (/usr/share/vscodium-bin/resources/app/out/vs/workbench/services/extensions/node/extensionHostProcess.js:89:15096)
	at u._activateAllStartupFinished (/usr/share/vscodium-bin/resources/app/out/vs/workbench/services/extensions/node/extensionHostProcess.js:89:15467)
	at /usr/share/vscodium-bin/resources/app/out/vs/workbench/services/extensions/node/extensionHostProcess.js:89:15956
[2021-07-31 23:51:28.546] [exthost] [info] exiting with code 0
