
(easyeffects:19647): easyeffects-WARNING **: 03:21:52.381: lv2_wrapper: Could not find the plugin: http://drobilla.net/plugins/mda/Loudness

(easyeffects:19647): easyeffects-WARNING **: 03:21:52.382: lv2_wrapper: http://drobilla.net/plugins/mda/Loudness port symbol not found: loudness

(easyeffects:19647): easyeffects-WARNING **: 03:21:52.382: lv2_wrapper: http://drobilla.net/plugins/mda/Loudness port symbol not found: output

(easyeffects:19647): easyeffects-WARNING **: 03:21:52.382: lv2_wrapper: http://drobilla.net/plugins/mda/Loudness port symbol not found: link

(easyeffects:19647): easyeffects-WARNING **: 03:21:52.443: lv2_wrapper: Could not find the plugin: urn:zamaudio:ZaMaximX2

(easyeffects:19647): easyeffects-WARNING **: 03:21:52.443: lv2_wrapper: urn:zamaudio:ZaMaximX2 port symbol not found: thresh

(easyeffects:19647): easyeffects-WARNING **: 03:21:52.443: lv2_wrapper: urn:zamaudio:ZaMaximX2 port symbol not found: ceil

(easyeffects:19647): easyeffects-WARNING **: 03:21:52.443: lv2_wrapper: urn:zamaudio:ZaMaximX2 port symbol not found: rel

(easyeffects:19647): easyeffects-WARNING **: 03:21:52.479: lv2_wrapper: Could not find the plugin: http://drobilla.net/plugins/mda/Loudness

(easyeffects:19647): easyeffects-WARNING **: 03:21:52.479: lv2_wrapper: http://drobilla.net/plugins/mda/Loudness port symbol not found: loudness

(easyeffects:19647): easyeffects-WARNING **: 03:21:52.479: lv2_wrapper: http://drobilla.net/plugins/mda/Loudness port symbol not found: output

(easyeffects:19647): easyeffects-WARNING **: 03:21:52.479: lv2_wrapper: http://drobilla.net/plugins/mda/Loudness port symbol not found: link

(easyeffects:19647): easyeffects-WARNING **: 03:21:52.540: lv2_wrapper: Could not find the plugin: urn:zamaudio:ZaMaximX2

(easyeffects:19647): easyeffects-WARNING **: 03:21:52.540: lv2_wrapper: urn:zamaudio:ZaMaximX2 port symbol not found: thresh

(easyeffects:19647): easyeffects-WARNING **: 03:21:52.540: lv2_wrapper: urn:zamaudio:ZaMaximX2 port symbol not found: ceil

(easyeffects:19647): easyeffects-WARNING **: 03:21:52.540: lv2_wrapper: urn:zamaudio:ZaMaximX2 port symbol not found: rel

(easyeffects:33453): easyeffects-WARNING **: 15:35:12.812: lv2_wrapper: Could not find the plugin: http://drobilla.net/plugins/mda/Loudness

(easyeffects:33453): easyeffects-WARNING **: 15:35:12.813: lv2_wrapper: http://drobilla.net/plugins/mda/Loudness port symbol not found: loudness

(easyeffects:33453): easyeffects-WARNING **: 15:35:12.813: lv2_wrapper: http://drobilla.net/plugins/mda/Loudness port symbol not found: output

(easyeffects:33453): easyeffects-WARNING **: 15:35:12.813: lv2_wrapper: http://drobilla.net/plugins/mda/Loudness port symbol not found: link

(easyeffects:33453): easyeffects-WARNING **: 15:35:12.877: lv2_wrapper: Could not find the plugin: urn:zamaudio:ZaMaximX2

(easyeffects:33453): easyeffects-WARNING **: 15:35:12.877: lv2_wrapper: urn:zamaudio:ZaMaximX2 port symbol not found: thresh

(easyeffects:33453): easyeffects-WARNING **: 15:35:12.877: lv2_wrapper: urn:zamaudio:ZaMaximX2 port symbol not found: ceil

(easyeffects:33453): easyeffects-WARNING **: 15:35:12.877: lv2_wrapper: urn:zamaudio:ZaMaximX2 port symbol not found: rel

(easyeffects:33453): easyeffects-WARNING **: 15:35:12.914: lv2_wrapper: Could not find the plugin: http://drobilla.net/plugins/mda/Loudness

(easyeffects:33453): easyeffects-WARNING **: 15:35:12.914: lv2_wrapper: http://drobilla.net/plugins/mda/Loudness port symbol not found: loudness

(easyeffects:33453): easyeffects-WARNING **: 15:35:12.914: lv2_wrapper: http://drobilla.net/plugins/mda/Loudness port symbol not found: output

(easyeffects:33453): easyeffects-WARNING **: 15:35:12.914: lv2_wrapper: http://drobilla.net/plugins/mda/Loudness port symbol not found: link

(easyeffects:33453): easyeffects-WARNING **: 15:35:12.986: lv2_wrapper: Could not find the plugin: urn:zamaudio:ZaMaximX2

(easyeffects:33453): easyeffects-WARNING **: 15:35:12.986: lv2_wrapper: urn:zamaudio:ZaMaximX2 port symbol not found: thresh

(easyeffects:33453): easyeffects-WARNING **: 15:35:12.986: lv2_wrapper: urn:zamaudio:ZaMaximX2 port symbol not found: ceil

(easyeffects:33453): easyeffects-WARNING **: 15:35:12.986: lv2_wrapper: urn:zamaudio:ZaMaximX2 port symbol not found: rel
Terminated
